[2026-06-29 04:21:59] === 开始同步 ===
[2026-06-29 04:21:59] 首次初始化 Git 仓库...
[2026-06-29 04:22:01] ✅ 已复制 /Users/v_shinzhang/zabbix-daily-check/index.html 到仓库
[2026-06-29 04:22:03] ✅ 推送成功
[2026-06-29 04:22:03] === 同步结束 ===
[2026-06-29 05:02:52] === 开始同步 ===
[2026-06-29 05:02:54] ✅ 已复制 /Users/v_shinzhang/zabbix-daily-check/index.html 到仓库
[2026-06-29 05:02:56] ✅ 推送成功
[2026-06-29 05:02:56] === 同步结束 ===
[2026-06-29 05:47:58] === 开始同步 ===
[2026-06-29 05:48:00] ✅ 已复制 /Users/v_shinzhang/zabbix-daily-check/index.html 到仓库
[2026-06-29 05:48:02] ✅ 推送成功
[2026-06-29 05:48:02] === 同步结束 ===
[2026-06-29 08:50:00] === 开始同步 ===
[2026-06-29 08:50:04] ✅ 已复制 /Users/v_shinzhang/zabbix-daily-check/index.html 到仓库
[2026-06-29 08:50:06] ✅ 推送成功
[2026-06-29 08:50:06] === 同步结束 ===
[2026-06-29 10:26:49] === 开始同步 ===
[2026-06-29 10:26:52] ✅ 已复制 /Users/v_shinzhang/zabbix-daily-check/index.html 到仓库
[2026-06-29 10:26:54] ✅ 推送成功
[2026-06-29 10:26:54] === 同步结束 ===
